<?xml version="1.0" encoding="UTF-8"?>
<!-- Generated by org.testng.reporters.JUnitXMLReporter -->
<testsuite ignored="4" hostname="DESKTOP-5P8GHBG" failures="1" tests="3" name="Test" time="77.112" errors="0" timestamp="2023-10-18T18:55:35 IST">
  <testcase classname="contactsTests.CreateContactTest" name="createContactTest" time="12.84">
    <failure type="java.lang.AssertionError" message="null">
      <![CDATA[java.lang.AssertionError: null
at contactsTests.CreateContactTest.createContactTest(CreateContactTest.java:93)
at java.base/java.util.ArrayList.forEach(ArrayList.java:1511)
... Removed 29 stack frames]]>
    </failure>
  </testcase> <!-- createContactTest -->
  <testcase classname="contactsTests.CreateContactsWithOrganizationTest" name="createContactsWithOrganizationTest" time="28.805"/>
  <testcase classname="organizationTests.CreateOrganizationTest" name="createOrganizationTest" time="13.07"/>
  <testcase classname="genericUtility.BaseClass" name="@AfterSuite asConfigure" time="0.0">
    <ignored/>
  </testcase> <!-- @AfterSuite asConfigure -->
  <testcase classname="genericUtility.BaseClass" name="@AfterSuite asConfigure" time="0.0">
    <ignored/>
  </testcase> <!-- @AfterSuite asConfigure -->
  <testcase classname="genericUtility.BaseClass" name="@BeforeSuite bsConfigure" time="0.0">
    <ignored/>
  </testcase> <!-- @BeforeSuite bsConfigure -->
  <testcase classname="genericUtility.BaseClass" name="@BeforeSuite bsConfigure" time="0.0">
    <ignored/>
  </testcase> <!-- @BeforeSuite bsConfigure -->
</testsuite> <!-- Test -->
